<?xml version="1.0" encoding="UTF-8"?>
<!-- Generated by org.testng.reporters.JUnitXMLReporter -->
<testsuite ignored="0" hostname="RAJ-LAPTOP" failures="0" tests="1" name="Test-Runner-1" time="28.237" errors="0" timestamp="2023-10-13T17:46:59 IST">
  <testcase classname="contactsTests.CreateContactUsingBaseclassTest" name="createContactTest" time="14.785"/>
</testsuite> <!-- Test-Runner-1 -->
