<?xml version="1.0" encoding="UTF-8"?>
<!-- Generated by org.testng.reporters.JUnitXMLReporter -->
<testsuite ignored="0" hostname="RAJ-LAPTOP" failures="0" tests="1" name="Test-Runner-2" time="54.044" errors="0" timestamp="2023-11-15T10:53:25 IST">
  <testcase classname="productTests.CreateNewProductWithCategoryTest" name="createNewProductWithCategory" time="33.689"/>
</testsuite> <!-- Test-Runner-2 -->
