<?xml version="1.0" encoding="UTF-8"?>
<!-- Generated by org.testng.reporters.JUnitXMLReporter -->
<testsuite ignored="0" hostname="RAJ-LAPTOP" failures="0" tests="1" name="Test-Runner-2" time="38.189" errors="0" timestamp="2023-10-13T17:47:09 IST">
  <testcase classname="contactsTests.CreateContWithOrgUsingBaseClassTest" name="createContactWithOrgTest" time="24.649"/>
</testsuite> <!-- Test-Runner-2 -->
