<?xml version="1.0" encoding="UTF-8"?>
<!-- Generated by org.testng.reporters.JUnitXMLReporter -->
<testsuite ignored="0" hostname="RAJ-LAPTOP" failures="0" tests="1" name="Test-Runner-Chrome" time="34.276" errors="0" timestamp="2023-10-13T19:45:45 IST">
  <testcase classname="contactsTests.CreateContactTest" name="createContactTest" time="34.217"/>
</testsuite> <!-- Test-Runner-Chrome -->
