<?xml version="1.0" encoding="UTF-8"?>
<!-- Generated by org.testng.reporters.JUnitXMLReporter -->
<testsuite ignored="0" hostname="RAJ-LAPTOP" failures="0" tests="1" name="Test-Runner-3" time="31.547" errors="0" timestamp="2023-11-15T10:53:56 IST">
  <testcase classname="productTests.CreateProductWithCategoryAndManufacturerTest" name="createProductWithCategoryAndManufacturer" time="15.768"/>
</testsuite> <!-- Test-Runner-3 -->
