<?xml version="1.0" encoding="UTF-8"?>
<!-- Generated by org.testng.reporters.JUnitReportReporter -->
<testsuite hostname="RAJ-LAPTOP" failures="0" tests="1" name="contactsTests.CreateContWithOrgUsingBaseClass" time="44.031" errors="0" timestamp="2023-10-09T20:05:43 IST" skipped="0">
  <testcase classname="contactsTests.CreateContWithOrgUsingBaseClass" name="createContactWithOrgTest" time="44.031"/>
</testsuite> <!-- contactsTests.CreateContWithOrgUsingBaseClass -->
