<?xml version="1.0" encoding="UTF-8"?>
<!-- Generated by org.testng.reporters.JUnitReportReporter -->
<testsuite hostname="RAJ-LAPTOP" failures="0" tests="2" name="productTests.CreateNewProductTest" time="40.195" errors="0" timestamp="2024-03-17T23:05:47 IST" skipped="0">
  <testcase classname="productTests.CreateNewProductTest" name="createNewProduct" time="20.258"/>
  <testcase classname="productTests.CreateNewProductTest" name="createNewProduct" time="19.937"/>
</testsuite> <!-- productTests.CreateNewProductTest -->
