<?xml version="1.0" encoding="UTF-8"?>
<!-- Generated by org.testng.reporters.JUnitReportReporter -->
<testsuite hostname="RAJ-LAPTOP" failures="0" tests="1" name="productTests.CreateProductWithCategoryAndManufacturerTest" time="23.460" errors="0" timestamp="2023-11-15T10:53:57 IST" skipped="0">
  <testcase classname="productTests.CreateProductWithCategoryAndManufacturerTest" name="createProductWithCategoryAndManufacturer" time="23.460"/>
</testsuite> <!-- productTests.CreateProductWithCategoryAndManufacturerTest -->
