<?xml version="1.0" encoding="UTF-8"?>
<!-- Generated by org.testng.reporters.JUnitReportReporter -->
<testsuite hostname="RAJ-LAPTOP" failures="0" tests="1" name="productTests.CreateNewProduct" time="28.668" errors="0" timestamp="2023-11-10T10:57:19 IST" skipped="0">
  <testcase classname="productTests.CreateNewProduct" name="createNewProduct" time="28.668"/>
</testsuite> <!-- productTests.CreateNewProduct -->
