<?xml version="1.0" encoding="UTF-8"?>
<!-- Generated by org.testng.reporters.JUnitReportReporter -->
<testsuite hostname="RAJ-LAPTOP" failures="0" tests="3" name="practice.DataProviderPractice" time="0.018" errors="0" timestamp="2023-10-06T18:49:32 IST" skipped="0">
  <testcase classname="practice.DataProviderPractice" name="addProductToCart" time="0.002"/>
  <testcase classname="practice.DataProviderPractice" name="addProductToCart" time="0.013"/>
  <testcase classname="practice.DataProviderPractice" name="addProductToCart" time="0.003"/>
</testsuite> <!-- practice.DataProviderPractice -->
