<?xml version="1.0" encoding="UTF-8"?>
<!-- Generated by org.testng.reporters.JUnitReportReporter -->
<testsuite hostname="RAJ-LAPTOP" failures="0" tests="3" name="practice.TestNGPractice" time="0.021" errors="0" timestamp="2023-10-06T17:58:28 IST" skipped="0">
  <testcase classname="practice.TestNGPractice" name="createCustomerTest" time="0.016"/>
  <testcase classname="practice.TestNGPractice" name="deleteCustomerTest" time="0.003"/>
  <testcase classname="practice.TestNGPractice" name="modifyCustomerTest" time="0.002"/>
</testsuite> <!-- practice.TestNGPractice -->
