<?xml version="1.0" encoding="UTF-8"?>
<!-- Generated by org.testng.reporters.JUnitReportReporter -->
<testsuite hostname="RAJ-LAPTOP" failures="0" tests="1" name="organizationTests.CreateOrganizationTest" time="24.915" errors="0" timestamp="2023-10-09T17:13:52 IST" skipped="0">
  <testcase classname="organizationTests.CreateOrganizationTest" name="CreateOrganizationTest" time="24.915"/>
</testsuite> <!-- organizationTests.CreateOrganizationTest -->
