<?xml version="1.0" encoding="UTF-8"?>
<!-- Generated by org.testng.reporters.JUnitReportReporter -->
<testsuite hostname="RAJ-LAPTOP" failures="0" tests="2" name="contactsTests.CreateContactUsingBaseclassTest" time="40.597" errors="0" timestamp="2023-11-13T12:41:54 IST" skipped="0">
  <testcase classname="contactsTests.CreateContactUsingBaseclassTest" name="Demo" time="9.415"/>
  <testcase classname="contactsTests.CreateContactUsingBaseclassTest" name="createContactTest" time="31.182">
    <system-out>
      <![CDATA[Clicked on contacts link
Clicked on create new contact look up image
Header text captured from contact information page
Header validated]]>
    </system-out>
  </testcase> <!-- createContactTest -->
  <system-out>
    <![CDATA[Clicked on contacts link
Clicked on create new contact look up image
Header text captured from contact information page
Header validated]]>
  </system-out>
</testsuite> <!-- contactsTests.CreateContactUsingBaseclassTest -->
