<?xml version="1.0" encoding="UTF-8"?>
<!-- Generated by org.testng.reporters.JUnitReportReporter -->
<testsuite hostname="RAJ-LAPTOP" failures="0" tests="1" name="organizationTests.CreateOrganizationUsingBaseClassTest" time="19.990" errors="0" timestamp="2023-10-13T17:07:25 IST" skipped="0">
  <testcase classname="organizationTests.CreateOrganizationUsingBaseClassTest" name="createOrganizationUsingBaseClass" time="19.990"/>
</testsuite> <!-- organizationTests.CreateOrganizationUsingBaseClassTest -->
