<?xml version="1.0" encoding="UTF-8"?>
<!-- Generated by org.testng.reporters.JUnitReportReporter -->
<testsuite hostname="RAJ-LAPTOP" failures="0" tests="1" name="organizationTests.CreateOrganizationUsingBaseClassTest" time="18.758" errors="0" timestamp="2024-03-15T21:26:45 IST" skipped="0">
  <testcase classname="organizationTests.CreateOrganizationUsingBaseClassTest" name="createOrganizationUsingBaseClass" time="18.758"/>
</testsuite> <!-- organizationTests.CreateOrganizationUsingBaseClassTest -->
