<?xml version="1.0" encoding="UTF-8"?>
<!-- Generated by org.testng.reporters.JUnitReportReporter -->
<testsuite hostname="RAJ-LAPTOP" failures="0" tests="1" name="contactsTests.CreateContactWithOrganizationTest" time="56.833" errors="0" timestamp="2023-10-03T20:09:15 IST" skipped="0">
  <testcase classname="contactsTests.CreateContactWithOrganizationTest" name="createContactWithOrgTest" time="56.833"/>
</testsuite> <!-- contactsTests.CreateContactWithOrganizationTest -->
