<?xml version="1.0" encoding="UTF-8"?>
<!-- Generated by org.testng.reporters.JUnitReportReporter -->
<testsuite hostname="RAJ-LAPTOP" failures="0" tests="1" name="organizationTests.CreateOrgWithIndUsingbaseClassTest" time="18.187" errors="0" timestamp="2023-10-10T10:39:38 IST" skipped="0">
  <testcase classname="organizationTests.CreateOrgWithIndUsingbaseClassTest" name="CreateOrganizationTest" time="18.187"/>
</testsuite> <!-- organizationTests.CreateOrgWithIndUsingbaseClassTest -->
