<?xml version="1.0" encoding="UTF-8"?>
<!-- Generated by org.testng.reporters.JUnitReportReporter -->
<testsuite hostname="RAJ-LAPTOP" failures="0" tests="1" name="practice.AssertionPractice2" time="14.739" errors="0" timestamp="2024-03-15T12:47:27 IST" skipped="0">
  <testcase classname="practice.AssertionPractice2" name="createContactTest" time="14.739"/>
</testsuite> <!-- practice.AssertionPractice2 -->
