<?xml version="1.0" encoding="UTF-8"?>
<!-- Generated by org.testng.reporters.JUnitReportReporter -->
<testsuite hostname="RAJ-LAPTOP" failures="0" tests="1" name="organizationTests.CreateOrganizationWithIndustryUsingBaseClassTest" time="17.979" errors="0" timestamp="2023-10-10T20:49:08 IST" skipped="0">
  <testcase classname="organizationTests.CreateOrganizationWithIndustryUsingBaseClassTest" name="createOrganizationTest" time="17.979"/>
</testsuite> <!-- organizationTests.CreateOrganizationWithIndustryUsingBaseClassTest -->
