<?xml version="1.0" encoding="UTF-8"?>
<!-- Generated by org.testng.reporters.JUnitReportReporter -->
<testsuite hostname="RAJ-LAPTOP" failures="0" tests="1" name="organizationTests.CreateOrganizationUsingBaseClassTest" time="32.659" errors="0" timestamp="2023-11-14T20:36:42 IST" skipped="0">
  <testcase classname="organizationTests.CreateOrganizationUsingBaseClassTest" name="createOrganizationUsingBaseClass" time="32.659"/>
</testsuite> <!-- organizationTests.CreateOrganizationUsingBaseClassTest -->
