<?xml version="1.0" encoding="UTF-8"?>
<!-- Generated by org.testng.reporters.JUnitReportReporter -->
<testsuite hostname="RAJ-LAPTOP" failures="0" tests="3" name="practice.DataProvider2" time="0.019" errors="0" timestamp="2023-10-06T18:48:33 IST" skipped="0">
  <testcase classname="practice.DataProvider2" name="addProductToCart" time="0.003"/>
  <testcase classname="practice.DataProvider2" name="addProductToCart" time="0.013"/>
  <testcase classname="practice.DataProvider2" name="addProductToCart" time="0.003"/>
</testsuite> <!-- practice.DataProvider2 -->
