<?xml version="1.0" encoding="UTF-8"?>
<!-- Generated by org.testng.reporters.JUnitReportReporter -->
<testsuite hostname="RAJ-LAPTOP" failures="0" tests="1" name="productTests.CreateNewProductWithCategory" time="27.112" errors="0" timestamp="2023-11-14T19:53:17 IST" skipped="0">
  <testcase classname="productTests.CreateNewProductWithCategory" name="createNewProductWithCategory" time="27.112"/>
</testsuite> <!-- productTests.CreateNewProductWithCategory -->
