<?xml version="1.0" encoding="UTF-8"?>
<!-- Generated by org.testng.reporters.JUnitReportReporter -->
<testsuite hostname="RAJ-LAPTOP" failures="0" tests="1" name="contactsTests.CreateContWithOrgUsingBaseClassTest" time="44.502" errors="0" timestamp="2023-11-13T12:41:54 IST" skipped="0">
  <testcase classname="contactsTests.CreateContWithOrgUsingBaseClassTest" name="createContactWithOrgTest" time="44.502"/>
  <system-out>
    <![CDATA[Clicked on contacts link
Clicked on create new contact look up image
Header text captured from contact information page
Header validated]]>
  </system-out>
</testsuite> <!-- contactsTests.CreateContWithOrgUsingBaseClassTest -->
