<?xml version="1.0" encoding="UTF-8"?>
<!-- Generated by org.testng.reporters.JUnitReportReporter -->
<testsuite hostname="RAJ-LAPTOP" failures="0" tests="1" name="organizationTests.CreateOrganizationWithIndustryAndTypeUsingBaseClassTest" time="15.285" errors="0" timestamp="2023-10-10T11:00:23 IST" skipped="0">
  <testcase classname="organizationTests.CreateOrganizationWithIndustryAndTypeUsingBaseClassTest" name="createOrgWithIndAndTypeUsingBaseClass" time="15.285"/>
</testsuite> <!-- organizationTests.CreateOrganizationWithIndustryAndTypeUsingBaseClassTest -->
