<?xml version="1.0" encoding="UTF-8"?>
<!-- Generated by org.testng.reporters.JUnitReportReporter -->
<testsuite hostname="RAJ-LAPTOP" failures="0" tests="2" name="productTests.CreateNewProductTest" time="43.595" errors="0" timestamp="2023-11-15T12:56:48 IST" skipped="0">
  <testcase classname="productTests.CreateNewProductTest" name="createNewProduct" time="22.158"/>
  <testcase classname="productTests.CreateNewProductTest" name="createNewProduct" time="21.437"/>
</testsuite> <!-- productTests.CreateNewProductTest -->
