<?xml version="1.0" encoding="UTF-8"?>
<!-- Generated by org.testng.reporters.JUnitReportReporter -->
<testsuite hostname="RAJ-LAPTOP" failures="0" tests="1" name="contactsTests.CreateContWithOrgUsingBaseClassTest" time="30.912" errors="0" timestamp="2023-10-13T17:47:09 IST" skipped="0">
  <testcase classname="contactsTests.CreateContWithOrgUsingBaseClassTest" name="createContactWithOrgTest" time="30.912"/>
</testsuite> <!-- contactsTests.CreateContWithOrgUsingBaseClassTest -->
